[
  {
    "line": 1,
    "elements": [
      {
        "before": [
          {
            "result": {
              "duration": 40018033625,
              "status": "passed"
            },
            "match": {
              "location": "BaseTest.before()"
            }
          }
        ],
        "line": 3,
        "name": "Ilk Senaryo",
        "description": "",
        "id": "senaryo-ısmi;ılk-senaryo",
        "after": [
          {
            "result": {
              "error_message": "org.openqa.selenium.NoSuchSessionException: Session ID is null. Using WebDriver after calling quit()?\nBuild info: version: \u00273.141.59\u0027, revision: \u0027e82be7d358\u0027, time: \u00272018-11-14T08:17:03\u0027\nSystem info: host: \u0027testinium-MacBook-Air.local\u0027, ip: \u00272a02:ff0:3d04:aa6b:29a6:135c:ef27:f1d6%en0\u0027, os.name: \u0027Mac OS X\u0027, os.arch: \u0027x86_64\u0027, os.version: \u002710.16\u0027, java.version: \u00271.8.0_202\u0027\nDriver info: driver.version: RemoteWebDriver\n\tat org.openqa.selenium.remote.HttpCommandExecutor.execute(HttpCommandExecutor.java:125)\n\tat org.openqa.selenium.remote.service.DriverCommandExecutor.execute(DriverCommandExecutor.java:83)\n\tat org.openqa.selenium.remote.RemoteWebDriver.execute(RemoteWebDriver.java:552)\n\tat org.openqa.selenium.remote.RemoteWebDriver.execute(RemoteWebDriver.java:609)\n\tat org.openqa.selenium.remote.RemoteWebDriver.getScreenshotAs(RemoteWebDriver.java:295)\n\tat stepDefinition.BaseTest.after(BaseTest.java:33)\n\tat sun.reflect.NativeMethodAccessorImpl.invoke0(Native Method)\n\tat sun.reflect.NativeMethodAccessorImpl.invoke(NativeMethodAccessorImpl.java:62)\n\tat sun.reflect.DelegatingMethodAccessorImpl.invoke(DelegatingMethodAccessorImpl.java:43)\n\tat java.lang.reflect.Method.invoke(Method.java:498)\n\tat cucumber.runtime.Utils$1.call(Utils.java:32)\n\tat cucumber.runtime.Timeout.timeout(Timeout.java:16)\n\tat cucumber.runtime.Utils.invoke(Utils.java:26)\n\tat cucumber.runtime.java.JavaHookDefinition.execute(JavaHookDefinition.java:60)\n\tat cucumber.runtime.HookDefinitionMatch.runStep(HookDefinitionMatch.java:17)\n\tat cucumber.runner.UnskipableStep.executeStep(UnskipableStep.java:22)\n\tat cucumber.api.TestStep.run(TestStep.java:83)\n\tat cucumber.api.TestCase.run(TestCase.java:58)\n\tat cucumber.runner.Runner.runPickle(Runner.java:80)\n\tat cucumber.runtime.junit.PickleRunners$NoStepDescriptions.run(PickleRunners.java:140)\n\tat cucumber.runtime.junit.FeatureRunner.runChild(FeatureRunner.java:68)\n\tat cucumber.runtime.junit.FeatureRunner.runChild(FeatureRunner.java:23)\n\tat org.junit.runners.ParentRunner$3.run(ParentRunner.java:290)\n\tat org.junit.runners.ParentRunner$1.schedule(ParentRunner.java:71)\n\tat org.junit.runners.ParentRunner.runChildren(ParentRunner.java:288)\n\tat org.junit.runners.ParentRunner.access$000(ParentRunner.java:58)\n\tat org.junit.runners.ParentRunner$2.evaluate(ParentRunner.java:268)\n\tat org.junit.runners.ParentRunner.run(ParentRunner.java:363)\n\tat cucumber.runtime.junit.FeatureRunner.run(FeatureRunner.java:73)\n\tat cucumber.api.junit.Cucumber.runChild(Cucumber.java:99)\n\tat cucumber.api.junit.Cucumber.runChild(Cucumber.java:41)\n\tat org.junit.runners.ParentRunner$3.run(ParentRunner.java:290)\n\tat org.junit.runners.ParentRunner$1.schedule(ParentRunner.java:71)\n\tat org.junit.runners.ParentRunner.runChildren(ParentRunner.java:288)\n\tat org.junit.runners.ParentRunner.access$000(ParentRunner.java:58)\n\tat org.junit.runners.ParentRunner$2.evaluate(ParentRunner.java:268)\n\tat cucumber.api.junit.Cucumber$1.evaluate(Cucumber.java:108)\n\tat org.junit.runners.ParentRunner.run(ParentRunner.java:363)\n\tat org.apache.maven.surefire.junit4.JUnit4Provider.execute(JUnit4Provider.java:365)\n\tat org.apache.maven.surefire.junit4.JUnit4Provider.executeWithRerun(JUnit4Provider.java:273)\n\tat org.apache.maven.surefire.junit4.JUnit4Provider.executeTestSet(JUnit4Provider.java:238)\n\tat org.apache.maven.surefire.junit4.JUnit4Provider.invoke(JUnit4Provider.java:159)\n\tat org.apache.maven.surefire.booter.ForkedBooter.invokeProviderInSameClassLoader(ForkedBooter.java:384)\n\tat org.apache.maven.surefire.booter.ForkedBooter.runSuitesInProcess(ForkedBooter.java:345)\n\tat org.apache.maven.surefire.booter.ForkedBooter.execute(ForkedBooter.java:126)\n\tat org.apache.maven.surefire.booter.ForkedBooter.main(ForkedBooter.java:418)\n",
              "duration": 248866667,
              "status": "faıled"
            },
            "match": {
              "location": "BaseTest.after(Scenario)"
            }
          }
        ],
        "type": "scenario",
        "keyword": "Scenario",
        "steps": [
          {
            "result": {
              "duration": 107439584,
              "status": "passed"
            },
            "line": 4,
            "name": "Ilk senaryo adimi",
            "match": {
              "location": "Steps.a()"
            },
            "keyword": "Given "
          },
          {
            "result": {
              "duration": 244125,
              "status": "passed"
            },
            "line": 5,
            "name": "Ikinci senaryo adimi",
            "match": {
              "location": "Steps.b()"
            },
            "keyword": "When "
          },
          {
            "result": {
              "error_message": "java.lang.AssertionError\n\tat org.junit.Assert.fail(Assert.java:86)\n\tat org.junit.Assert.assertTrue(Assert.java:41)\n\tat org.junit.Assert.assertTrue(Assert.java:52)\n\tat stepDefinition.Steps.c(Steps.java:27)\n\tat ✽.Ucuncu senaryo adimi(feature/deneme.feature:6)\n",
              "duration": 3008250,
              "status": "faıled"
            },
            "line": 6,
            "name": "Ucuncu senaryo adimi",
            "match": {
              "location": "Steps.c()"
            },
            "keyword": "When "
          }
        ],
        "tags": [
          {
            "name": "@Smoke"
          }
        ]
      },
      {
        "before": [
          {
            "result": {
              "duration": 9520761583,
              "status": "passed"
            },
            "match": {
              "location": "BaseTest.before()"
            }
          }
        ],
        "line": 9,
        "name": "Ikinci Senaryo",
        "description": "",
        "id": "senaryo-ısmi;ıkinci-senaryo",
        "after": [
          {
            "result": {
              "duration": 206066542,
              "status": "passed"
            },
            "match": {
              "location": "BaseTest.after(Scenario)"
            }
          }
        ],
        "type": "scenario",
        "keyword": "Scenario",
        "steps": [
          {
            "result": {
              "duration": 257042,
              "status": "passed"
            },
            "line": 10,
            "name": "Ilk senaryo adimi",
            "match": {
              "location": "Steps.a()"
            },
            "keyword": "Given "
          },
          {
            "result": {
              "duration": 30583,
              "status": "passed"
            },
            "line": 11,
            "name": "Ikinci senaryo adimi",
            "match": {
              "location": "Steps.b()"
            },
            "keyword": "When "
          }
        ],
        "tags": [
          {
            "name": "@Regression"
          },
          {
            "name": "@Smoke"
          }
        ]
      }
    ],
    "name": "Senaryo Ismi",
    "description": "",
    "id": "senaryo-ısmi",
    "keyword": "Feature",
    "uri": "feature/deneme.feature"
  },
  {
    "line": 1,
    "elements": [
      {
        "before": [
          {
            "result": {
              "duration": 9673073125,
              "status": "passed"
            },
            "match": {
              "location": "BaseTest.before()"
            }
          }
        ],
        "line": 3,
        "name": "Ilk Senaryoaaa",
        "description": "",
        "id": "senaryolaaar;ılk-senaryoaaa",
        "after": [
          {
            "result": {
              "error_message": "org.openqa.selenium.NoSuchSessionException: Session ID is null. Using WebDriver after calling quit()?\nBuild info: version: \u00273.141.59\u0027, revision: \u0027e82be7d358\u0027, time: \u00272018-11-14T08:17:03\u0027\nSystem info: host: \u0027testinium-MacBook-Air.local\u0027, ip: \u00272a02:ff0:3d04:aa6b:29a6:135c:ef27:f1d6%en0\u0027, os.name: \u0027Mac OS X\u0027, os.arch: \u0027x86_64\u0027, os.version: \u002710.16\u0027, java.version: \u00271.8.0_202\u0027\nDriver info: driver.version: RemoteWebDriver\n\tat org.openqa.selenium.remote.HttpCommandExecutor.execute(HttpCommandExecutor.java:125)\n\tat org.openqa.selenium.remote.service.DriverCommandExecutor.execute(DriverCommandExecutor.java:83)\n\tat org.openqa.selenium.remote.RemoteWebDriver.execute(RemoteWebDriver.java:552)\n\tat org.openqa.selenium.remote.RemoteWebDriver.execute(RemoteWebDriver.java:609)\n\tat org.openqa.selenium.remote.RemoteWebDriver.getScreenshotAs(RemoteWebDriver.java:295)\n\tat stepDefinition.BaseTest.after(BaseTest.java:33)\n\tat sun.reflect.NativeMethodAccessorImpl.invoke0(Native Method)\n\tat sun.reflect.NativeMethodAccessorImpl.invoke(NativeMethodAccessorImpl.java:62)\n\tat sun.reflect.DelegatingMethodAccessorImpl.invoke(DelegatingMethodAccessorImpl.java:43)\n\tat java.lang.reflect.Method.invoke(Method.java:498)\n\tat cucumber.runtime.Utils$1.call(Utils.java:32)\n\tat cucumber.runtime.Timeout.timeout(Timeout.java:16)\n\tat cucumber.runtime.Utils.invoke(Utils.java:26)\n\tat cucumber.runtime.java.JavaHookDefinition.execute(JavaHookDefinition.java:60)\n\tat cucumber.runtime.HookDefinitionMatch.runStep(HookDefinitionMatch.java:17)\n\tat cucumber.runner.UnskipableStep.executeStep(UnskipableStep.java:22)\n\tat cucumber.api.TestStep.run(TestStep.java:83)\n\tat cucumber.api.TestCase.run(TestCase.java:58)\n\tat cucumber.runner.Runner.runPickle(Runner.java:80)\n\tat cucumber.runtime.junit.PickleRunners$NoStepDescriptions.run(PickleRunners.java:140)\n\tat cucumber.runtime.junit.FeatureRunner.runChild(FeatureRunner.java:68)\n\tat cucumber.runtime.junit.FeatureRunner.runChild(FeatureRunner.java:23)\n\tat org.junit.runners.ParentRunner$3.run(ParentRunner.java:290)\n\tat org.junit.runners.ParentRunner$1.schedule(ParentRunner.java:71)\n\tat org.junit.runners.ParentRunner.runChildren(ParentRunner.java:288)\n\tat org.junit.runners.ParentRunner.access$000(ParentRunner.java:58)\n\tat org.junit.runners.ParentRunner$2.evaluate(ParentRunner.java:268)\n\tat org.junit.runners.ParentRunner.run(ParentRunner.java:363)\n\tat cucumber.runtime.junit.FeatureRunner.run(FeatureRunner.java:73)\n\tat cucumber.api.junit.Cucumber.runChild(Cucumber.java:99)\n\tat cucumber.api.junit.Cucumber.runChild(Cucumber.java:41)\n\tat org.junit.runners.ParentRunner$3.run(ParentRunner.java:290)\n\tat org.junit.runners.ParentRunner$1.schedule(ParentRunner.java:71)\n\tat org.junit.runners.ParentRunner.runChildren(ParentRunner.java:288)\n\tat org.junit.runners.ParentRunner.access$000(ParentRunner.java:58)\n\tat org.junit.runners.ParentRunner$2.evaluate(ParentRunner.java:268)\n\tat cucumber.api.junit.Cucumber$1.evaluate(Cucumber.java:108)\n\tat org.junit.runners.ParentRunner.run(ParentRunner.java:363)\n\tat org.apache.maven.surefire.junit4.JUnit4Provider.execute(JUnit4Provider.java:365)\n\tat org.apache.maven.surefire.junit4.JUnit4Provider.executeWithRerun(JUnit4Provider.java:273)\n\tat org.apache.maven.surefire.junit4.JUnit4Provider.executeTestSet(JUnit4Provider.java:238)\n\tat org.apache.maven.surefire.junit4.JUnit4Provider.invoke(JUnit4Provider.java:159)\n\tat org.apache.maven.surefire.booter.ForkedBooter.invokeProviderInSameClassLoader(ForkedBooter.java:384)\n\tat org.apache.maven.surefire.booter.ForkedBooter.runSuitesInProcess(ForkedBooter.java:345)\n\tat org.apache.maven.surefire.booter.ForkedBooter.execute(ForkedBooter.java:126)\n\tat org.apache.maven.surefire.booter.ForkedBooter.main(ForkedBooter.java:418)\n",
              "duration": 198182083,
              "status": "faıled"
            },
            "match": {
              "location": "BaseTest.after(Scenario)"
            }
          }
        ],
        "type": "scenario",
        "keyword": "Scenario",
        "steps": [
          {
            "result": {
              "duration": 4252209,
              "status": "passed"
            },
            "line": 4,
            "name": "Ilk senaryo adimi",
            "match": {
              "location": "Steps.a()"
            },
            "keyword": "Given "
          },
          {
            "result": {
              "duration": 156125,
              "status": "passed"
            },
            "line": 5,
            "name": "Ikinci senaryo adimi",
            "match": {
              "location": "Steps.b()"
            },
            "keyword": "When "
          },
          {
            "result": {
              "error_message": "java.lang.AssertionError\n\tat org.junit.Assert.fail(Assert.java:86)\n\tat org.junit.Assert.assertTrue(Assert.java:41)\n\tat org.junit.Assert.assertTrue(Assert.java:52)\n\tat stepDefinition.Steps.c(Steps.java:27)\n\tat ✽.Ucuncu senaryo adimi(feature/senaryolar.feature:6)\n",
              "duration": 257083,
              "status": "faıled"
            },
            "line": 6,
            "name": "Ucuncu senaryo adimi",
            "match": {
              "location": "Steps.c()"
            },
            "keyword": "When "
          }
        ],
        "tags": [
          {
            "name": "@Smoke"
          }
        ]
      },
      {
        "before": [
          {
            "result": {
              "duration": 9886774083,
              "status": "passed"
            },
            "match": {
              "location": "BaseTest.before()"
            }
          }
        ],
        "line": 9,
        "name": "Ikinci Senaryoaaa",
        "description": "",
        "id": "senaryolaaar;ıkinci-senaryoaaa",
        "after": [
          {
            "result": {
              "duration": 264765042,
              "status": "passed"
            },
            "match": {
              "location": "BaseTest.after(Scenario)"
            }
          }
        ],
        "type": "scenario",
        "keyword": "Scenario",
        "steps": [
          {
            "result": {
              "duration": 560000,
              "status": "passed"
            },
            "line": 10,
            "name": "Ilk senaryo adimi",
            "match": {
              "location": "Steps.a()"
            },
            "keyword": "Given "
          },
          {
            "result": {
              "duration": 35750,
              "status": "passed"
            },
            "line": 11,
            "name": "Ikinci senaryo adimi",
            "match": {
              "location": "Steps.b()"
            },
            "keyword": "When "
          }
        ],
        "tags": [
          {
            "name": "@Regression"
          },
          {
            "name": "@Smoke"
          }
        ]
      }
    ],
    "name": "Senaryolaaar",
    "description": "",
    "id": "senaryolaaar",
    "keyword": "Feature",
    "uri": "feature/senaryolar.feature"
  }
]